2023-08-15T10:28:24.978Z INFO @wdio/local-runner: Run worker command: run
2023-08-15T10:28:25.024Z DEBUG @wdio/runner: init remote session
2023-08-15T10:28:25.025Z DEBUG @wdio/utils:initialiseServices: initialise service "appium" as NPM package
2023-08-15T10:28:25.166Z DEBUG @wdio/runner: init remote session
2023-08-15T10:28:25.166Z INFO webdriver: Initiate new session using the WebDriver protocol
2023-08-15T10:28:25.166Z INFO @wdio/utils: Connecting to existing driver at http://127.0.0.1:4723/
2023-08-15T10:28:25.179Z INFO webdriver: [POST] http://127.0.0.1:4723/session
2023-08-15T10:28:25.179Z INFO webdriver: DATA {
  capabilities: {
    alwaysMatch: {
      platformName: 'Android',
      browserName: 'Chrome',
      'appium:deviceName': 'R58M7193KHH',
      'appium:platformVersion': '11',
      'appium:automationName': 'UiAutomator2',
      'appium:orientation': 'PORTRAIT',
      'appium:newCommandTimeout': 240
    },
    firstMatch: [ {} ]
  },
  desiredCapabilities: {
    platformName: 'Android',
    browserName: 'Chrome',
    'appium:deviceName': 'R58M7193KHH',
    'appium:platformVersion': '11',
    'appium:automationName': 'UiAutomator2',
    'appium:orientation': 'PORTRAIT',
    'appium:newCommandTimeout': 240
  }
}
2023-08-15T10:28:39.415Z DEBUG @wdio/utils:shim: Finished to run "beforeScenario" hook in 1ms
2023-08-15T10:28:39.415Z DEBUG @wdio/utils:shim: Finished to run "beforeStep" hook in 0ms
2023-08-15T10:28:39.416Z INFO webdriver: COMMAND navigateTo("https://saucedemo.com/")
2023-08-15T10:28:39.416Z INFO webdriver: [POST] http://127.0.0.1:4723/session/690fbcf7-c9de-4bb0-a3a7-bf04caa08fe5/url
2023-08-15T10:28:39.416Z INFO webdriver: DATA { url: 'https://saucedemo.com/' }
2023-08-15T10:28:41.994Z INFO webdriver: RESULT null
2023-08-15T10:28:41.994Z DEBUG @wdio/utils:shim: Finished to run "beforeStep" hook in 0ms
2023-08-15T10:28:41.995Z INFO webdriver: COMMAND findElement("css selector", "*[data-test="login-button"]")
2023-08-15T10:28:41.995Z INFO webdriver: [POST] http://127.0.0.1:4723/session/690fbcf7-c9de-4bb0-a3a7-bf04caa08fe5/element
2023-08-15T10:28:41.995Z INFO webdriver: DATA { using: 'css selector', value: '*[data-test="login-button"]' }
2023-08-15T10:28:42.086Z INFO webdriver: RESULT {
  ELEMENT: '8418AF6975DB68ECCB7FC64B955FBC0C_element_15',
  'element-6066-11e4-a52e-4f735466cecf': '8418AF6975DB68ECCB7FC64B955FBC0C_element_15'
}
2023-08-15T10:28:42.089Z INFO webdriver: COMMAND isElementDisplayed("8418AF6975DB68ECCB7FC64B955FBC0C_element_15")
2023-08-15T10:28:42.089Z INFO webdriver: [GET] http://127.0.0.1:4723/session/690fbcf7-c9de-4bb0-a3a7-bf04caa08fe5/element/8418AF6975DB68ECCB7FC64B955FBC0C_element_15/displayed
2023-08-15T10:28:42.195Z INFO webdriver: RESULT true
2023-08-15T10:28:42.196Z INFO webdriver: COMMAND getTitle()
2023-08-15T10:28:42.196Z INFO webdriver: [GET] http://127.0.0.1:4723/session/690fbcf7-c9de-4bb0-a3a7-bf04caa08fe5/title
2023-08-15T10:28:42.233Z INFO webdriver: RESULT Swag Labs
2023-08-15T10:28:42.233Z INFO webdriver: COMMAND findElement("css selector", "*[data-test="login-button"]")
2023-08-15T10:28:42.233Z INFO webdriver: [POST] http://127.0.0.1:4723/session/690fbcf7-c9de-4bb0-a3a7-bf04caa08fe5/element
2023-08-15T10:28:42.233Z INFO webdriver: DATA { using: 'css selector', value: '*[data-test="login-button"]' }
2023-08-15T10:28:42.300Z INFO webdriver: RESULT {
  ELEMENT: '8418AF6975DB68ECCB7FC64B955FBC0C_element_15',
  'element-6066-11e4-a52e-4f735466cecf': '8418AF6975DB68ECCB7FC64B955FBC0C_element_15'
}
2023-08-15T10:28:42.303Z INFO webdriver: COMMAND isElementDisplayed("8418AF6975DB68ECCB7FC64B955FBC0C_element_15")
2023-08-15T10:28:42.304Z INFO webdriver: [GET] http://127.0.0.1:4723/session/690fbcf7-c9de-4bb0-a3a7-bf04caa08fe5/element/8418AF6975DB68ECCB7FC64B955FBC0C_element_15/displayed
2023-08-15T10:28:42.360Z INFO webdriver: RESULT true
2023-08-15T10:28:42.361Z DEBUG @wdio/utils:shim: Finished to run "beforeStep" hook in 0ms
2023-08-15T10:28:42.361Z INFO webdriver: COMMAND findElement("css selector", "*[data-test="username"]")
2023-08-15T10:28:42.361Z INFO webdriver: [POST] http://127.0.0.1:4723/session/690fbcf7-c9de-4bb0-a3a7-bf04caa08fe5/element
2023-08-15T10:28:42.361Z INFO webdriver: DATA { using: 'css selector', value: '*[data-test="username"]' }
2023-08-15T10:28:42.429Z INFO webdriver: RESULT {
  ELEMENT: '8418AF6975DB68ECCB7FC64B955FBC0C_element_9',
  'element-6066-11e4-a52e-4f735466cecf': '8418AF6975DB68ECCB7FC64B955FBC0C_element_9'
}
2023-08-15T10:28:42.431Z INFO webdriver: COMMAND elementClear("8418AF6975DB68ECCB7FC64B955FBC0C_element_9")
2023-08-15T10:28:42.431Z INFO webdriver: [POST] http://127.0.0.1:4723/session/690fbcf7-c9de-4bb0-a3a7-bf04caa08fe5/element/8418AF6975DB68ECCB7FC64B955FBC0C_element_9/clear
2023-08-15T10:28:42.744Z INFO webdriver: RESULT null
2023-08-15T10:28:42.744Z INFO webdriver: COMMAND elementSendKeys("8418AF6975DB68ECCB7FC64B955FBC0C_element_9", "standard_user")
2023-08-15T10:28:42.744Z INFO webdriver: [POST] http://127.0.0.1:4723/session/690fbcf7-c9de-4bb0-a3a7-bf04caa08fe5/element/8418AF6975DB68ECCB7FC64B955FBC0C_element_9/value
2023-08-15T10:28:42.744Z INFO webdriver: DATA { text: 'standard_user' }
2023-08-15T10:28:43.365Z INFO webdriver: RESULT null
2023-08-15T10:28:43.366Z INFO webdriver: COMMAND findElement("css selector", "*[data-test="password"]")
2023-08-15T10:28:43.366Z INFO webdriver: [POST] http://127.0.0.1:4723/session/690fbcf7-c9de-4bb0-a3a7-bf04caa08fe5/element
2023-08-15T10:28:43.366Z INFO webdriver: DATA { using: 'css selector', value: '*[data-test="password"]' }
2023-08-15T10:28:43.439Z INFO webdriver: RESULT {
  ELEMENT: '8418AF6975DB68ECCB7FC64B955FBC0C_element_12',
  'element-6066-11e4-a52e-4f735466cecf': '8418AF6975DB68ECCB7FC64B955FBC0C_element_12'
}
2023-08-15T10:28:43.441Z INFO webdriver: COMMAND elementClear("8418AF6975DB68ECCB7FC64B955FBC0C_element_12")
2023-08-15T10:28:43.441Z INFO webdriver: [POST] http://127.0.0.1:4723/session/690fbcf7-c9de-4bb0-a3a7-bf04caa08fe5/element/8418AF6975DB68ECCB7FC64B955FBC0C_element_12/clear
2023-08-15T10:28:43.627Z INFO webdriver: RESULT null
2023-08-15T10:28:43.627Z INFO webdriver: COMMAND elementSendKeys("8418AF6975DB68ECCB7FC64B955FBC0C_element_12", "secret_sauce")
2023-08-15T10:28:43.628Z INFO webdriver: [POST] http://127.0.0.1:4723/session/690fbcf7-c9de-4bb0-a3a7-bf04caa08fe5/element/8418AF6975DB68ECCB7FC64B955FBC0C_element_12/value
2023-08-15T10:28:43.628Z INFO webdriver: DATA { text: 'secret_sauce' }
2023-08-15T10:28:44.148Z INFO webdriver: RESULT null
2023-08-15T10:28:44.148Z INFO webdriver: COMMAND findElement("css selector", "*[data-test="login-button"]")
2023-08-15T10:28:44.149Z INFO webdriver: [POST] http://127.0.0.1:4723/session/690fbcf7-c9de-4bb0-a3a7-bf04caa08fe5/element
2023-08-15T10:28:44.149Z INFO webdriver: DATA { using: 'css selector', value: '*[data-test="login-button"]' }
2023-08-15T10:28:44.214Z INFO webdriver: RESULT {
  ELEMENT: '8418AF6975DB68ECCB7FC64B955FBC0C_element_15',
  'element-6066-11e4-a52e-4f735466cecf': '8418AF6975DB68ECCB7FC64B955FBC0C_element_15'
}
2023-08-15T10:28:44.219Z INFO webdriver: COMMAND elementClick("8418AF6975DB68ECCB7FC64B955FBC0C_element_15")
2023-08-15T10:28:44.219Z INFO webdriver: [POST] http://127.0.0.1:4723/session/690fbcf7-c9de-4bb0-a3a7-bf04caa08fe5/element/8418AF6975DB68ECCB7FC64B955FBC0C_element_15/click
2023-08-15T10:28:44.800Z INFO webdriver: RESULT null
2023-08-15T10:28:44.801Z DEBUG @wdio/utils:shim: Finished to run "beforeStep" hook in 0ms
2023-08-15T10:28:44.801Z INFO webdriver: COMMAND findElement("css selector", ".app_logo")
2023-08-15T10:28:44.801Z INFO webdriver: [POST] http://127.0.0.1:4723/session/690fbcf7-c9de-4bb0-a3a7-bf04caa08fe5/element
2023-08-15T10:28:44.801Z INFO webdriver: DATA { using: 'css selector', value: '.app_logo' }
2023-08-15T10:28:44.947Z INFO webdriver: RESULT {
  ELEMENT: '8418AF6975DB68ECCB7FC64B955FBC0C_element_50',
  'element-6066-11e4-a52e-4f735466cecf': '8418AF6975DB68ECCB7FC64B955FBC0C_element_50'
}
2023-08-15T10:28:44.948Z INFO webdriver: COMMAND isElementDisplayed("8418AF6975DB68ECCB7FC64B955FBC0C_element_50")
2023-08-15T10:28:44.949Z INFO webdriver: [GET] http://127.0.0.1:4723/session/690fbcf7-c9de-4bb0-a3a7-bf04caa08fe5/element/8418AF6975DB68ECCB7FC64B955FBC0C_element_50/displayed
2023-08-15T10:28:44.989Z INFO webdriver: RESULT true
2023-08-15T10:28:44.990Z INFO webdriver: COMMAND findElements("css selector", ".inventory_item")
2023-08-15T10:28:44.990Z INFO webdriver: COMMAND getElementText("8418AF6975DB68ECCB7FC64B955FBC0C_element_50")
2023-08-15T10:28:44.990Z INFO webdriver: [POST] http://127.0.0.1:4723/session/690fbcf7-c9de-4bb0-a3a7-bf04caa08fe5/elements
2023-08-15T10:28:44.990Z INFO webdriver: DATA { using: 'css selector', value: '.inventory_item' }
2023-08-15T10:28:44.990Z INFO webdriver: [GET] http://127.0.0.1:4723/session/690fbcf7-c9de-4bb0-a3a7-bf04caa08fe5/element/8418AF6975DB68ECCB7FC64B955FBC0C_element_50/text
2023-08-15T10:28:45.040Z INFO webdriver: RESULT [
  {
    ELEMENT: '8418AF6975DB68ECCB7FC64B955FBC0C_element_62',
    'element-6066-11e4-a52e-4f735466cecf': '8418AF6975DB68ECCB7FC64B955FBC0C_element_62'
  },
  {
    ELEMENT: '8418AF6975DB68ECCB7FC64B955FBC0C_element_76',
    'element-6066-11e4-a52e-4f735466cecf': '8418AF6975DB68ECCB7FC64B955FBC0C_element_76'
  },
  {
    ELEMENT: '8418AF6975DB68ECCB7FC64B955FBC0C_element_90',
    'element-6066-11e4-a52e-4f735466cecf': '8418AF6975DB68ECCB7FC64B955FBC0C_element_90'
  },
  {
    ELEMENT: '8418AF6975DB68ECCB7FC64B955FBC0C_element_104',
    'element-6066-11e4-a52e-4f735466cecf': '8418AF6975DB68ECCB7FC64B955FBC0C_element_104'
  },
  {
    ELEMENT: '8418AF6975DB68ECCB7FC64B955FBC0C_element_118',
    'element-6066-11e4-a52e-4f735466cecf': '8418AF6975DB68ECCB7FC64B955FBC0C_element_118'
  },
  {
    ELEMENT: '8418AF6975DB68ECCB7FC64B955FBC0C_element_132',
    'element-6066-11e4-a52e-4f735466cecf': '8418AF6975DB68ECCB7FC64B955FBC0C_element_132'
  }
]
2023-08-15T10:28:45.044Z INFO webdriver: COMMAND findElements("css selector", ".inventory_item .inventory_item_name")
2023-08-15T10:28:45.044Z INFO webdriver: [POST] http://127.0.0.1:4723/session/690fbcf7-c9de-4bb0-a3a7-bf04caa08fe5/elements
2023-08-15T10:28:45.044Z INFO webdriver: DATA {
  using: 'css selector',
  value: '.inventory_item .inventory_item_name'
}
2023-08-15T10:28:45.112Z INFO webdriver: RESULT Swag Labs
2023-08-15T10:28:45.167Z INFO webdriver: RESULT [
  {
    ELEMENT: '8418AF6975DB68ECCB7FC64B955FBC0C_element_67',
    'element-6066-11e4-a52e-4f735466cecf': '8418AF6975DB68ECCB7FC64B955FBC0C_element_67'
  },
  {
    ELEMENT: '8418AF6975DB68ECCB7FC64B955FBC0C_element_81',
    'element-6066-11e4-a52e-4f735466cecf': '8418AF6975DB68ECCB7FC64B955FBC0C_element_81'
  },
  {
    ELEMENT: '8418AF6975DB68ECCB7FC64B955FBC0C_element_95',
    'element-6066-11e4-a52e-4f735466cecf': '8418AF6975DB68ECCB7FC64B955FBC0C_element_95'
  },
  {
    ELEMENT: '8418AF6975DB68ECCB7FC64B955FBC0C_element_109',
    'element-6066-11e4-a52e-4f735466cecf': '8418AF6975DB68ECCB7FC64B955FBC0C_element_109'
  },
  {
    ELEMENT: '8418AF6975DB68ECCB7FC64B955FBC0C_element_123',
    'element-6066-11e4-a52e-4f735466cecf': '8418AF6975DB68ECCB7FC64B955FBC0C_element_123'
  },
  {
    ELEMENT: '8418AF6975DB68ECCB7FC64B955FBC0C_element_137',
    'element-6066-11e4-a52e-4f735466cecf': '8418AF6975DB68ECCB7FC64B955FBC0C_element_137'
  }
]
2023-08-15T10:28:45.171Z INFO webdriver: COMMAND isElementDisplayed("8418AF6975DB68ECCB7FC64B955FBC0C_element_62")
2023-08-15T10:28:45.171Z INFO webdriver: [GET] http://127.0.0.1:4723/session/690fbcf7-c9de-4bb0-a3a7-bf04caa08fe5/element/8418AF6975DB68ECCB7FC64B955FBC0C_element_62/displayed
2023-08-15T10:28:45.241Z INFO webdriver: RESULT true
2023-08-15T10:28:45.242Z INFO webdriver: COMMAND findElements("css selector", ".inventory_item")
2023-08-15T10:28:45.242Z INFO webdriver: COMMAND getElementText("8418AF6975DB68ECCB7FC64B955FBC0C_element_67")
2023-08-15T10:28:45.242Z INFO webdriver: [POST] http://127.0.0.1:4723/session/690fbcf7-c9de-4bb0-a3a7-bf04caa08fe5/elements
2023-08-15T10:28:45.242Z INFO webdriver: DATA { using: 'css selector', value: '.inventory_item' }
2023-08-15T10:28:45.242Z INFO webdriver: [GET] http://127.0.0.1:4723/session/690fbcf7-c9de-4bb0-a3a7-bf04caa08fe5/element/8418AF6975DB68ECCB7FC64B955FBC0C_element_67/text
2023-08-15T10:28:45.243Z DEBUG @wdio/utils:shim: Finished to run "beforeStep" hook in 0ms
2023-08-15T10:28:45.243Z INFO webdriver: COMMAND findElements("css selector", ".inventory_item .inventory_item_name")
2023-08-15T10:28:45.243Z INFO webdriver: [POST] http://127.0.0.1:4723/session/690fbcf7-c9de-4bb0-a3a7-bf04caa08fe5/elements
2023-08-15T10:28:45.243Z INFO webdriver: DATA {
  using: 'css selector',
  value: '.inventory_item .inventory_item_name'
}
2023-08-15T10:28:45.304Z INFO webdriver: RESULT [
  {
    ELEMENT: '8418AF6975DB68ECCB7FC64B955FBC0C_element_62',
    'element-6066-11e4-a52e-4f735466cecf': '8418AF6975DB68ECCB7FC64B955FBC0C_element_62'
  },
  {
    ELEMENT: '8418AF6975DB68ECCB7FC64B955FBC0C_element_76',
    'element-6066-11e4-a52e-4f735466cecf': '8418AF6975DB68ECCB7FC64B955FBC0C_element_76'
  },
  {
    ELEMENT: '8418AF6975DB68ECCB7FC64B955FBC0C_element_90',
    'element-6066-11e4-a52e-4f735466cecf': '8418AF6975DB68ECCB7FC64B955FBC0C_element_90'
  },
  {
    ELEMENT: '8418AF6975DB68ECCB7FC64B955FBC0C_element_104',
    'element-6066-11e4-a52e-4f735466cecf': '8418AF6975DB68ECCB7FC64B955FBC0C_element_104'
  },
  {
    ELEMENT: '8418AF6975DB68ECCB7FC64B955FBC0C_element_118',
    'element-6066-11e4-a52e-4f735466cecf': '8418AF6975DB68ECCB7FC64B955FBC0C_element_118'
  },
  {
    ELEMENT: '8418AF6975DB68ECCB7FC64B955FBC0C_element_132',
    'element-6066-11e4-a52e-4f735466cecf': '8418AF6975DB68ECCB7FC64B955FBC0C_element_132'
  }
]
2023-08-15T10:28:45.362Z INFO webdriver: RESULT Sauce Labs Backpack
2023-08-15T10:28:45.409Z INFO webdriver: RESULT [
  {
    ELEMENT: '8418AF6975DB68ECCB7FC64B955FBC0C_element_67',
    'element-6066-11e4-a52e-4f735466cecf': '8418AF6975DB68ECCB7FC64B955FBC0C_element_67'
  },
  {
    ELEMENT: '8418AF6975DB68ECCB7FC64B955FBC0C_element_81',
    'element-6066-11e4-a52e-4f735466cecf': '8418AF6975DB68ECCB7FC64B955FBC0C_element_81'
  },
  {
    ELEMENT: '8418AF6975DB68ECCB7FC64B955FBC0C_element_95',
    'element-6066-11e4-a52e-4f735466cecf': '8418AF6975DB68ECCB7FC64B955FBC0C_element_95'
  },
  {
    ELEMENT: '8418AF6975DB68ECCB7FC64B955FBC0C_element_109',
    'element-6066-11e4-a52e-4f735466cecf': '8418AF6975DB68ECCB7FC64B955FBC0C_element_109'
  },
  {
    ELEMENT: '8418AF6975DB68ECCB7FC64B955FBC0C_element_123',
    'element-6066-11e4-a52e-4f735466cecf': '8418AF6975DB68ECCB7FC64B955FBC0C_element_123'
  },
  {
    ELEMENT: '8418AF6975DB68ECCB7FC64B955FBC0C_element_137',
    'element-6066-11e4-a52e-4f735466cecf': '8418AF6975DB68ECCB7FC64B955FBC0C_element_137'
  }
]
2023-08-15T10:28:45.413Z INFO webdriver: COMMAND executeScript("return ((elem, options) => elem.scrollIntoView(options)).apply(null, arguments)", <object>)
2023-08-15T10:28:45.413Z INFO webdriver: [POST] http://127.0.0.1:4723/session/690fbcf7-c9de-4bb0-a3a7-bf04caa08fe5/execute/sync
2023-08-15T10:28:45.413Z INFO webdriver: DATA {
  script: 'return ((elem, options) => elem.scrollIntoView(options)).apply(null, arguments)',
  args: [
    {
      'element-6066-11e4-a52e-4f735466cecf': '8418AF6975DB68ECCB7FC64B955FBC0C_element_67',
      ELEMENT: '8418AF6975DB68ECCB7FC64B955FBC0C_element_67'
    },
    { block: 'start', inline: 'nearest' }
  ]
}
2023-08-15T10:28:45.476Z INFO webdriver: RESULT null
2023-08-15T10:28:45.476Z INFO webdriver: COMMAND elementClick("8418AF6975DB68ECCB7FC64B955FBC0C_element_67")
2023-08-15T10:28:45.476Z INFO webdriver: [POST] http://127.0.0.1:4723/session/690fbcf7-c9de-4bb0-a3a7-bf04caa08fe5/element/8418AF6975DB68ECCB7FC64B955FBC0C_element_67/click
2023-08-15T10:28:45.808Z INFO webdriver: RESULT null
2023-08-15T10:28:45.809Z DEBUG @wdio/utils:shim: Finished to run "beforeStep" hook in 1ms
2023-08-15T10:28:45.809Z INFO webdriver: COMMAND findElement("css selector", "*[data-test="remove-sauce-labs-backpack"]")
2023-08-15T10:28:45.809Z INFO webdriver: [POST] http://127.0.0.1:4723/session/690fbcf7-c9de-4bb0-a3a7-bf04caa08fe5/element
2023-08-15T10:28:45.809Z INFO webdriver: DATA {
  using: 'css selector',
  value: '*[data-test="remove-sauce-labs-backpack"]'
}
2023-08-15T10:28:45.911Z INFO webdriver: RESULT {
  error: 'no such element',
  message: 'no such element: Unable to locate element: {"method":"css selector","selector":"*[data-test="remove-sauce-labs-backpack"]"}\n' +
    '  (Session info: chrome=115.0.5790.166)',
  stacktrace: '0   chromedriver-mac-arm64_v115.0.5790. 0x000000010490ea6c chromedriver-mac-arm64_v115.0.5790. + 4303468\n' +
    '1   chromedriver-mac-arm64_v115.0.5790. 0x0000000104907198 chromedriver-mac-arm64_v115.0.5790. + 4272536\n' +
    '2   chromedriver-mac-arm64_v115.0.5790. 0x000000010453b594 chromedriver-mac-arm64_v115.0.5790. + 292244\n' +
    '3   chromedriver-mac-arm64_v115.0.5790. 0x00000001045788fc chromedriver-mac-arm64_v115.0.5790. + 542972\n' +
    '4   chromedriver-mac-arm64_v115.0.5790. 0x00000001045b1628 chromedriver-mac-arm64_v115.0.5790. + 775720\n' +
    '5   chromedriver-mac-arm64_v115.0.5790. 0x000000010456cb40 chromedriver-mac-arm64_v115.0.5790. + 494400\n' +
    '6   chromedriver-mac-arm64_v115.0.5790. 0x000000010456d988 chromedriver-mac-arm64_v115.0.5790. + 498056\n' +
    '7   chromedriver-mac-arm64_v115.0.5790. 0x00000001048cf924 chromedriver-mac-arm64_v115.0.5790. + 4045092\n' +
    '8   chromedriver-mac-arm64_v115.0.5790. 0x00000001048d3e68 chromedriver-mac-arm64_v115.0.5790. + 4062824\n' +
    '9   chromedriver-mac-arm64_v115.0.5790. 0x00000001048da088 chromedriver-mac-arm64_v115.0.5790. + 4087944\n' +
    '10  chromedriver-mac-arm64_v115.0.5790. 0x00000001048d496c chromedriver-mac-arm64_v115.0.5790. + 4065644\n' +
    '11  chromedriver-mac-arm64_v115.0.5790. 0x00000001048ace64 chromedriver-mac-arm64_v115.0.5790. + 3903076\n' +
    '12  chromedriver-mac-arm64_v115.0.5790. 0x00000001048f055c chromedriver-mac-arm64_v115.0.5790. + 4179292\n' +
    '13  chromedriver-mac-arm64_v115.0.5790. 0x00000001048f06b4 chromedriver-mac-arm64_v115.0.5790. + 4179636\n' +
    '14  chromedriver-mac-arm64_v115.0.5790. 0x0000000104900978 chromedriver-mac-arm64_v115.0.5790. + 4245880\n' +
    '15  libsystem_pthread.dylib             0x000000019b66ffa8 _pthread_start + 148\n' +
    '16  libsystem_pthread.dylib             0x000000019b66ada0 thread_start + 8\n'
}
2023-08-15T10:28:45.913Z DEBUG webdriverio: command scrollIntoView was called on an element ("*[data-test="remove-sauce-labs-backpack"]") that wasn't found, waiting for it...
2023-08-15T10:28:45.913Z INFO webdriver: COMMAND findElements("css selector", "*[data-test="remove-sauce-labs-backpack"]")
2023-08-15T10:28:45.913Z INFO webdriver: [POST] http://127.0.0.1:4723/session/690fbcf7-c9de-4bb0-a3a7-bf04caa08fe5/elements
2023-08-15T10:28:45.913Z INFO webdriver: DATA {
  using: 'css selector',
  value: '*[data-test="remove-sauce-labs-backpack"]'
}
2023-08-15T10:28:45.975Z INFO webdriver: RESULT []
2023-08-15T10:28:46.414Z INFO webdriver: COMMAND findElements("css selector", "*[data-test="remove-sauce-labs-backpack"]")
2023-08-15T10:28:46.415Z INFO webdriver: [POST] http://127.0.0.1:4723/session/690fbcf7-c9de-4bb0-a3a7-bf04caa08fe5/elements
2023-08-15T10:28:46.415Z INFO webdriver: DATA {
  using: 'css selector',
  value: '*[data-test="remove-sauce-labs-backpack"]'
}
2023-08-15T10:28:46.551Z INFO webdriver: RESULT []
2023-08-15T10:28:46.914Z INFO webdriver: COMMAND findElements("css selector", "*[data-test="remove-sauce-labs-backpack"]")
2023-08-15T10:28:46.915Z INFO webdriver: [POST] http://127.0.0.1:4723/session/690fbcf7-c9de-4bb0-a3a7-bf04caa08fe5/elements
2023-08-15T10:28:46.915Z INFO webdriver: DATA {
  using: 'css selector',
  value: '*[data-test="remove-sauce-labs-backpack"]'
}
2023-08-15T10:28:47.145Z INFO webdriver: RESULT []
2023-08-15T10:28:47.414Z INFO webdriver: COMMAND findElements("css selector", "*[data-test="remove-sauce-labs-backpack"]")
2023-08-15T10:28:47.415Z INFO webdriver: [POST] http://127.0.0.1:4723/session/690fbcf7-c9de-4bb0-a3a7-bf04caa08fe5/elements
2023-08-15T10:28:47.415Z INFO webdriver: DATA {
  using: 'css selector',
  value: '*[data-test="remove-sauce-labs-backpack"]'
}
2023-08-15T10:28:47.525Z INFO webdriver: RESULT []
2023-08-15T10:28:47.918Z INFO webdriver: COMMAND findElements("css selector", "*[data-test="remove-sauce-labs-backpack"]")
2023-08-15T10:28:47.918Z INFO webdriver: [POST] http://127.0.0.1:4723/session/690fbcf7-c9de-4bb0-a3a7-bf04caa08fe5/elements
2023-08-15T10:28:47.918Z INFO webdriver: DATA {
  using: 'css selector',
  value: '*[data-test="remove-sauce-labs-backpack"]'
}
2023-08-15T10:28:47.963Z INFO webdriver: RESULT []
2023-08-15T10:28:48.415Z INFO webdriver: COMMAND findElements("css selector", "*[data-test="remove-sauce-labs-backpack"]")
2023-08-15T10:28:48.415Z INFO webdriver: [POST] http://127.0.0.1:4723/session/690fbcf7-c9de-4bb0-a3a7-bf04caa08fe5/elements
2023-08-15T10:28:48.416Z INFO webdriver: DATA {
  using: 'css selector',
  value: '*[data-test="remove-sauce-labs-backpack"]'
}
2023-08-15T10:28:48.481Z INFO webdriver: RESULT []
2023-08-15T10:28:48.916Z INFO webdriver: COMMAND findElements("css selector", "*[data-test="remove-sauce-labs-backpack"]")
2023-08-15T10:28:48.916Z INFO webdriver: [POST] http://127.0.0.1:4723/session/690fbcf7-c9de-4bb0-a3a7-bf04caa08fe5/elements
2023-08-15T10:28:48.916Z INFO webdriver: DATA {
  using: 'css selector',
  value: '*[data-test="remove-sauce-labs-backpack"]'
}
2023-08-15T10:28:48.957Z INFO webdriver: RESULT []
2023-08-15T10:28:49.415Z INFO webdriver: COMMAND findElements("css selector", "*[data-test="remove-sauce-labs-backpack"]")
2023-08-15T10:28:49.415Z INFO webdriver: [POST] http://127.0.0.1:4723/session/690fbcf7-c9de-4bb0-a3a7-bf04caa08fe5/elements
2023-08-15T10:28:49.415Z INFO webdriver: DATA {
  using: 'css selector',
  value: '*[data-test="remove-sauce-labs-backpack"]'
}
2023-08-15T10:28:49.499Z INFO webdriver: RESULT []
2023-08-15T10:28:49.914Z INFO webdriver: COMMAND findElements("css selector", "*[data-test="remove-sauce-labs-backpack"]")
2023-08-15T10:28:49.915Z INFO webdriver: [POST] http://127.0.0.1:4723/session/690fbcf7-c9de-4bb0-a3a7-bf04caa08fe5/elements
2023-08-15T10:28:49.915Z INFO webdriver: DATA {
  using: 'css selector',
  value: '*[data-test="remove-sauce-labs-backpack"]'
}
2023-08-15T10:28:50.007Z INFO webdriver: RESULT []
2023-08-15T10:28:50.414Z INFO webdriver: COMMAND findElements("css selector", "*[data-test="remove-sauce-labs-backpack"]")
2023-08-15T10:28:50.415Z INFO webdriver: [POST] http://127.0.0.1:4723/session/690fbcf7-c9de-4bb0-a3a7-bf04caa08fe5/elements
2023-08-15T10:28:50.415Z INFO webdriver: DATA {
  using: 'css selector',
  value: '*[data-test="remove-sauce-labs-backpack"]'
}
2023-08-15T10:28:50.458Z INFO webdriver: RESULT []
2023-08-15T10:28:50.915Z INFO webdriver: COMMAND findElements("css selector", "*[data-test="remove-sauce-labs-backpack"]")
2023-08-15T10:28:50.915Z INFO webdriver: [POST] http://127.0.0.1:4723/session/690fbcf7-c9de-4bb0-a3a7-bf04caa08fe5/elements
2023-08-15T10:28:50.915Z INFO webdriver: DATA {
  using: 'css selector',
  value: '*[data-test="remove-sauce-labs-backpack"]'
}
2023-08-15T10:28:50.964Z INFO webdriver: RESULT []
2023-08-15T10:28:51.415Z INFO webdriver: COMMAND findElements("css selector", "*[data-test="remove-sauce-labs-backpack"]")
2023-08-15T10:28:51.415Z INFO webdriver: [POST] http://127.0.0.1:4723/session/690fbcf7-c9de-4bb0-a3a7-bf04caa08fe5/elements
2023-08-15T10:28:51.415Z INFO webdriver: DATA {
  using: 'css selector',
  value: '*[data-test="remove-sauce-labs-backpack"]'
}
2023-08-15T10:28:51.501Z INFO webdriver: RESULT []
2023-08-15T10:28:51.913Z INFO webdriver: COMMAND findElements("css selector", "*[data-test="remove-sauce-labs-backpack"]")
2023-08-15T10:28:51.914Z INFO webdriver: [POST] http://127.0.0.1:4723/session/690fbcf7-c9de-4bb0-a3a7-bf04caa08fe5/elements
2023-08-15T10:28:51.914Z INFO webdriver: DATA {
  using: 'css selector',
  value: '*[data-test="remove-sauce-labs-backpack"]'
}
2023-08-15T10:28:51.959Z INFO webdriver: RESULT []
2023-08-15T10:28:52.416Z INFO webdriver: COMMAND findElements("css selector", "*[data-test="remove-sauce-labs-backpack"]")
2023-08-15T10:28:52.416Z INFO webdriver: [POST] http://127.0.0.1:4723/session/690fbcf7-c9de-4bb0-a3a7-bf04caa08fe5/elements
2023-08-15T10:28:52.417Z INFO webdriver: DATA {
  using: 'css selector',
  value: '*[data-test="remove-sauce-labs-backpack"]'
}
2023-08-15T10:28:52.495Z INFO webdriver: RESULT []
2023-08-15T10:28:52.915Z INFO webdriver: COMMAND findElements("css selector", "*[data-test="remove-sauce-labs-backpack"]")
2023-08-15T10:28:52.915Z INFO webdriver: [POST] http://127.0.0.1:4723/session/690fbcf7-c9de-4bb0-a3a7-bf04caa08fe5/elements
2023-08-15T10:28:52.915Z INFO webdriver: DATA {
  using: 'css selector',
  value: '*[data-test="remove-sauce-labs-backpack"]'
}
2023-08-15T10:28:52.960Z INFO webdriver: RESULT []
2023-08-15T10:28:53.416Z INFO webdriver: COMMAND findElements("css selector", "*[data-test="remove-sauce-labs-backpack"]")
2023-08-15T10:28:53.416Z INFO webdriver: [POST] http://127.0.0.1:4723/session/690fbcf7-c9de-4bb0-a3a7-bf04caa08fe5/elements
2023-08-15T10:28:53.416Z INFO webdriver: DATA {
  using: 'css selector',
  value: '*[data-test="remove-sauce-labs-backpack"]'
}
2023-08-15T10:28:53.506Z INFO webdriver: RESULT []
2023-08-15T10:28:53.914Z INFO webdriver: COMMAND findElements("css selector", "*[data-test="remove-sauce-labs-backpack"]")
2023-08-15T10:28:53.915Z INFO webdriver: [POST] http://127.0.0.1:4723/session/690fbcf7-c9de-4bb0-a3a7-bf04caa08fe5/elements
2023-08-15T10:28:53.915Z INFO webdriver: DATA {
  using: 'css selector',
  value: '*[data-test="remove-sauce-labs-backpack"]'
}
2023-08-15T10:28:53.957Z INFO webdriver: RESULT []
2023-08-15T10:28:54.413Z INFO webdriver: COMMAND findElements("css selector", "*[data-test="remove-sauce-labs-backpack"]")
2023-08-15T10:28:54.414Z INFO webdriver: [POST] http://127.0.0.1:4723/session/690fbcf7-c9de-4bb0-a3a7-bf04caa08fe5/elements
2023-08-15T10:28:54.414Z INFO webdriver: DATA {
  using: 'css selector',
  value: '*[data-test="remove-sauce-labs-backpack"]'
}
2023-08-15T10:28:54.492Z INFO webdriver: RESULT []
2023-08-15T10:28:54.915Z INFO webdriver: COMMAND findElements("css selector", "*[data-test="remove-sauce-labs-backpack"]")
2023-08-15T10:28:54.915Z INFO webdriver: [POST] http://127.0.0.1:4723/session/690fbcf7-c9de-4bb0-a3a7-bf04caa08fe5/elements
2023-08-15T10:28:54.915Z INFO webdriver: DATA {
  using: 'css selector',
  value: '*[data-test="remove-sauce-labs-backpack"]'
}
2023-08-15T10:28:54.957Z INFO webdriver: RESULT []
2023-08-15T10:28:55.414Z INFO webdriver: COMMAND findElements("css selector", "*[data-test="remove-sauce-labs-backpack"]")
2023-08-15T10:28:55.415Z INFO webdriver: [POST] http://127.0.0.1:4723/session/690fbcf7-c9de-4bb0-a3a7-bf04caa08fe5/elements
2023-08-15T10:28:55.415Z INFO webdriver: DATA {
  using: 'css selector',
  value: '*[data-test="remove-sauce-labs-backpack"]'
}
2023-08-15T10:28:55.507Z INFO webdriver: RESULT []
2023-08-15T10:28:55.920Z DEBUG CucumberEventListener: test case with id 80 will be retried, ignoring result
2023-08-15T10:28:55.920Z DEBUG @wdio/utils:shim: Finished to run "beforeScenario" hook in 0ms
2023-08-15T10:28:55.920Z DEBUG @wdio/utils:shim: Finished to run "beforeStep" hook in 0ms
2023-08-15T10:28:55.921Z INFO webdriver: COMMAND navigateTo("https://saucedemo.com/")
2023-08-15T10:28:55.921Z INFO webdriver: [POST] http://127.0.0.1:4723/session/690fbcf7-c9de-4bb0-a3a7-bf04caa08fe5/url
2023-08-15T10:28:55.921Z INFO webdriver: DATA { url: 'https://saucedemo.com/' }
2023-08-15T10:28:56.652Z INFO webdriver: RESULT null
2023-08-15T10:28:56.653Z DEBUG @wdio/utils:shim: Finished to run "beforeStep" hook in 0ms
2023-08-15T10:28:56.653Z INFO webdriver: COMMAND findElement("css selector", "*[data-test="login-button"]")
2023-08-15T10:28:56.653Z INFO webdriver: [POST] http://127.0.0.1:4723/session/690fbcf7-c9de-4bb0-a3a7-bf04caa08fe5/element
2023-08-15T10:28:56.653Z INFO webdriver: DATA { using: 'css selector', value: '*[data-test="login-button"]' }
2023-08-15T10:28:56.733Z INFO webdriver: RESULT {
  ELEMENT: 'F7F1122E2C670D8B3778F4C952A976D3_element_15',
  'element-6066-11e4-a52e-4f735466cecf': 'F7F1122E2C670D8B3778F4C952A976D3_element_15'
}
2023-08-15T10:28:56.734Z INFO webdriver: COMMAND isElementDisplayed("F7F1122E2C670D8B3778F4C952A976D3_element_15")
2023-08-15T10:28:56.734Z INFO webdriver: [GET] http://127.0.0.1:4723/session/690fbcf7-c9de-4bb0-a3a7-bf04caa08fe5/element/F7F1122E2C670D8B3778F4C952A976D3_element_15/displayed
2023-08-15T10:28:56.789Z INFO webdriver: RESULT true
2023-08-15T10:28:56.789Z INFO webdriver: COMMAND getTitle()
2023-08-15T10:28:56.789Z INFO webdriver: [GET] http://127.0.0.1:4723/session/690fbcf7-c9de-4bb0-a3a7-bf04caa08fe5/title
2023-08-15T10:28:56.826Z INFO webdriver: RESULT Swag Labs
2023-08-15T10:28:56.826Z INFO webdriver: COMMAND findElement("css selector", "*[data-test="login-button"]")
2023-08-15T10:28:56.826Z INFO webdriver: [POST] http://127.0.0.1:4723/session/690fbcf7-c9de-4bb0-a3a7-bf04caa08fe5/element
2023-08-15T10:28:56.826Z INFO webdriver: DATA { using: 'css selector', value: '*[data-test="login-button"]' }
2023-08-15T10:28:56.859Z INFO webdriver: RESULT {
  ELEMENT: 'F7F1122E2C670D8B3778F4C952A976D3_element_15',
  'element-6066-11e4-a52e-4f735466cecf': 'F7F1122E2C670D8B3778F4C952A976D3_element_15'
}
2023-08-15T10:28:56.861Z INFO webdriver: COMMAND isElementDisplayed("F7F1122E2C670D8B3778F4C952A976D3_element_15")
2023-08-15T10:28:56.861Z INFO webdriver: [GET] http://127.0.0.1:4723/session/690fbcf7-c9de-4bb0-a3a7-bf04caa08fe5/element/F7F1122E2C670D8B3778F4C952A976D3_element_15/displayed
2023-08-15T10:28:56.919Z INFO webdriver: RESULT true
2023-08-15T10:28:56.920Z DEBUG @wdio/utils:shim: Finished to run "beforeStep" hook in 0ms
2023-08-15T10:28:56.921Z INFO webdriver: COMMAND findElement("css selector", "*[data-test="username"]")
2023-08-15T10:28:56.921Z INFO webdriver: [POST] http://127.0.0.1:4723/session/690fbcf7-c9de-4bb0-a3a7-bf04caa08fe5/element
2023-08-15T10:28:56.921Z INFO webdriver: DATA { using: 'css selector', value: '*[data-test="username"]' }
2023-08-15T10:28:57.002Z INFO webdriver: RESULT {
  ELEMENT: 'F7F1122E2C670D8B3778F4C952A976D3_element_9',
  'element-6066-11e4-a52e-4f735466cecf': 'F7F1122E2C670D8B3778F4C952A976D3_element_9'
}
2023-08-15T10:28:57.003Z INFO webdriver: COMMAND elementClear("F7F1122E2C670D8B3778F4C952A976D3_element_9")
2023-08-15T10:28:57.004Z INFO webdriver: [POST] http://127.0.0.1:4723/session/690fbcf7-c9de-4bb0-a3a7-bf04caa08fe5/element/F7F1122E2C670D8B3778F4C952A976D3_element_9/clear
2023-08-15T10:28:57.308Z INFO webdriver: RESULT null
2023-08-15T10:28:57.308Z INFO webdriver: COMMAND elementSendKeys("F7F1122E2C670D8B3778F4C952A976D3_element_9", "standard_user")
2023-08-15T10:28:57.308Z INFO webdriver: [POST] http://127.0.0.1:4723/session/690fbcf7-c9de-4bb0-a3a7-bf04caa08fe5/element/F7F1122E2C670D8B3778F4C952A976D3_element_9/value
2023-08-15T10:28:57.308Z INFO webdriver: DATA { text: 'standard_user' }
2023-08-15T10:28:57.851Z INFO webdriver: RESULT null
2023-08-15T10:28:57.851Z INFO webdriver: COMMAND findElement("css selector", "*[data-test="password"]")
2023-08-15T10:28:57.851Z INFO webdriver: [POST] http://127.0.0.1:4723/session/690fbcf7-c9de-4bb0-a3a7-bf04caa08fe5/element
2023-08-15T10:28:57.851Z INFO webdriver: DATA { using: 'css selector', value: '*[data-test="password"]' }
2023-08-15T10:28:57.906Z INFO webdriver: RESULT {
  ELEMENT: 'F7F1122E2C670D8B3778F4C952A976D3_element_12',
  'element-6066-11e4-a52e-4f735466cecf': 'F7F1122E2C670D8B3778F4C952A976D3_element_12'
}
2023-08-15T10:28:57.908Z INFO webdriver: COMMAND elementClear("F7F1122E2C670D8B3778F4C952A976D3_element_12")
2023-08-15T10:28:57.908Z INFO webdriver: [POST] http://127.0.0.1:4723/session/690fbcf7-c9de-4bb0-a3a7-bf04caa08fe5/element/F7F1122E2C670D8B3778F4C952A976D3_element_12/clear
2023-08-15T10:28:58.085Z INFO webdriver: RESULT null
2023-08-15T10:28:58.085Z INFO webdriver: COMMAND elementSendKeys("F7F1122E2C670D8B3778F4C952A976D3_element_12", "secret_sauce")
2023-08-15T10:28:58.086Z INFO webdriver: [POST] http://127.0.0.1:4723/session/690fbcf7-c9de-4bb0-a3a7-bf04caa08fe5/element/F7F1122E2C670D8B3778F4C952A976D3_element_12/value
2023-08-15T10:28:58.086Z INFO webdriver: DATA { text: 'secret_sauce' }
2023-08-15T10:28:58.568Z INFO webdriver: RESULT null
2023-08-15T10:28:58.568Z INFO webdriver: COMMAND findElement("css selector", "*[data-test="login-button"]")
2023-08-15T10:28:58.569Z INFO webdriver: [POST] http://127.0.0.1:4723/session/690fbcf7-c9de-4bb0-a3a7-bf04caa08fe5/element
2023-08-15T10:28:58.569Z INFO webdriver: DATA { using: 'css selector', value: '*[data-test="login-button"]' }
2023-08-15T10:28:58.614Z INFO webdriver: RESULT {
  ELEMENT: 'F7F1122E2C670D8B3778F4C952A976D3_element_15',
  'element-6066-11e4-a52e-4f735466cecf': 'F7F1122E2C670D8B3778F4C952A976D3_element_15'
}
2023-08-15T10:28:58.615Z INFO webdriver: COMMAND elementClick("F7F1122E2C670D8B3778F4C952A976D3_element_15")
2023-08-15T10:28:58.615Z INFO webdriver: [POST] http://127.0.0.1:4723/session/690fbcf7-c9de-4bb0-a3a7-bf04caa08fe5/element/F7F1122E2C670D8B3778F4C952A976D3_element_15/click
2023-08-15T10:28:59.019Z INFO webdriver: RESULT null
2023-08-15T10:28:59.020Z DEBUG @wdio/utils:shim: Finished to run "beforeStep" hook in 0ms
2023-08-15T10:28:59.021Z INFO webdriver: COMMAND findElement("css selector", ".app_logo")
2023-08-15T10:28:59.021Z INFO webdriver: [POST] http://127.0.0.1:4723/session/690fbcf7-c9de-4bb0-a3a7-bf04caa08fe5/element
2023-08-15T10:28:59.021Z INFO webdriver: DATA { using: 'css selector', value: '.app_logo' }
2023-08-15T10:28:59.151Z INFO webdriver: RESULT {
  ELEMENT: 'F7F1122E2C670D8B3778F4C952A976D3_element_50',
  'element-6066-11e4-a52e-4f735466cecf': 'F7F1122E2C670D8B3778F4C952A976D3_element_50'
}
2023-08-15T10:28:59.153Z INFO webdriver: COMMAND isElementDisplayed("F7F1122E2C670D8B3778F4C952A976D3_element_50")
2023-08-15T10:28:59.154Z INFO webdriver: [GET] http://127.0.0.1:4723/session/690fbcf7-c9de-4bb0-a3a7-bf04caa08fe5/element/F7F1122E2C670D8B3778F4C952A976D3_element_50/displayed
2023-08-15T10:28:59.201Z INFO webdriver: RESULT true
2023-08-15T10:28:59.201Z INFO webdriver: COMMAND findElements("css selector", ".inventory_item")
2023-08-15T10:28:59.201Z INFO webdriver: COMMAND getElementText("F7F1122E2C670D8B3778F4C952A976D3_element_50")
2023-08-15T10:28:59.201Z INFO webdriver: [POST] http://127.0.0.1:4723/session/690fbcf7-c9de-4bb0-a3a7-bf04caa08fe5/elements
2023-08-15T10:28:59.201Z INFO webdriver: DATA { using: 'css selector', value: '.inventory_item' }
2023-08-15T10:28:59.201Z INFO webdriver: [GET] http://127.0.0.1:4723/session/690fbcf7-c9de-4bb0-a3a7-bf04caa08fe5/element/F7F1122E2C670D8B3778F4C952A976D3_element_50/text
2023-08-15T10:28:59.267Z INFO webdriver: RESULT [
  {
    ELEMENT: 'F7F1122E2C670D8B3778F4C952A976D3_element_62',
    'element-6066-11e4-a52e-4f735466cecf': 'F7F1122E2C670D8B3778F4C952A976D3_element_62'
  },
  {
    ELEMENT: 'F7F1122E2C670D8B3778F4C952A976D3_element_76',
    'element-6066-11e4-a52e-4f735466cecf': 'F7F1122E2C670D8B3778F4C952A976D3_element_76'
  },
  {
    ELEMENT: 'F7F1122E2C670D8B3778F4C952A976D3_element_90',
    'element-6066-11e4-a52e-4f735466cecf': 'F7F1122E2C670D8B3778F4C952A976D3_element_90'
  },
  {
    ELEMENT: 'F7F1122E2C670D8B3778F4C952A976D3_element_104',
    'element-6066-11e4-a52e-4f735466cecf': 'F7F1122E2C670D8B3778F4C952A976D3_element_104'
  },
  {
    ELEMENT: 'F7F1122E2C670D8B3778F4C952A976D3_element_118',
    'element-6066-11e4-a52e-4f735466cecf': 'F7F1122E2C670D8B3778F4C952A976D3_element_118'
  },
  {
    ELEMENT: 'F7F1122E2C670D8B3778F4C952A976D3_element_132',
    'element-6066-11e4-a52e-4f735466cecf': 'F7F1122E2C670D8B3778F4C952A976D3_element_132'
  }
]
2023-08-15T10:28:59.271Z INFO webdriver: COMMAND findElements("css selector", ".inventory_item .inventory_item_name")
2023-08-15T10:28:59.271Z INFO webdriver: [POST] http://127.0.0.1:4723/session/690fbcf7-c9de-4bb0-a3a7-bf04caa08fe5/elements
2023-08-15T10:28:59.271Z INFO webdriver: DATA {
  using: 'css selector',
  value: '.inventory_item .inventory_item_name'
}
2023-08-15T10:28:59.339Z INFO webdriver: RESULT Swag Labs
2023-08-15T10:28:59.406Z INFO webdriver: RESULT [
  {
    ELEMENT: 'F7F1122E2C670D8B3778F4C952A976D3_element_67',
    'element-6066-11e4-a52e-4f735466cecf': 'F7F1122E2C670D8B3778F4C952A976D3_element_67'
  },
  {
    ELEMENT: 'F7F1122E2C670D8B3778F4C952A976D3_element_81',
    'element-6066-11e4-a52e-4f735466cecf': 'F7F1122E2C670D8B3778F4C952A976D3_element_81'
  },
  {
    ELEMENT: 'F7F1122E2C670D8B3778F4C952A976D3_element_95',
    'element-6066-11e4-a52e-4f735466cecf': 'F7F1122E2C670D8B3778F4C952A976D3_element_95'
  },
  {
    ELEMENT: 'F7F1122E2C670D8B3778F4C952A976D3_element_109',
    'element-6066-11e4-a52e-4f735466cecf': 'F7F1122E2C670D8B3778F4C952A976D3_element_109'
  },
  {
    ELEMENT: 'F7F1122E2C670D8B3778F4C952A976D3_element_123',
    'element-6066-11e4-a52e-4f735466cecf': 'F7F1122E2C670D8B3778F4C952A976D3_element_123'
  },
  {
    ELEMENT: 'F7F1122E2C670D8B3778F4C952A976D3_element_137',
    'element-6066-11e4-a52e-4f735466cecf': 'F7F1122E2C670D8B3778F4C952A976D3_element_137'
  }
]
2023-08-15T10:28:59.410Z INFO webdriver: COMMAND isElementDisplayed("F7F1122E2C670D8B3778F4C952A976D3_element_62")
2023-08-15T10:28:59.410Z INFO webdriver: [GET] http://127.0.0.1:4723/session/690fbcf7-c9de-4bb0-a3a7-bf04caa08fe5/element/F7F1122E2C670D8B3778F4C952A976D3_element_62/displayed
2023-08-15T10:28:59.460Z INFO webdriver: RESULT true
2023-08-15T10:28:59.460Z INFO webdriver: COMMAND findElements("css selector", ".inventory_item")
2023-08-15T10:28:59.460Z INFO webdriver: COMMAND getElementText("F7F1122E2C670D8B3778F4C952A976D3_element_67")
2023-08-15T10:28:59.460Z INFO webdriver: [POST] http://127.0.0.1:4723/session/690fbcf7-c9de-4bb0-a3a7-bf04caa08fe5/elements
2023-08-15T10:28:59.460Z INFO webdriver: DATA { using: 'css selector', value: '.inventory_item' }
2023-08-15T10:28:59.461Z INFO webdriver: [GET] http://127.0.0.1:4723/session/690fbcf7-c9de-4bb0-a3a7-bf04caa08fe5/element/F7F1122E2C670D8B3778F4C952A976D3_element_67/text
2023-08-15T10:28:59.461Z DEBUG @wdio/utils:shim: Finished to run "beforeStep" hook in 0ms
2023-08-15T10:28:59.461Z INFO webdriver: COMMAND findElements("css selector", ".inventory_item .inventory_item_name")
2023-08-15T10:28:59.461Z INFO webdriver: [POST] http://127.0.0.1:4723/session/690fbcf7-c9de-4bb0-a3a7-bf04caa08fe5/elements
2023-08-15T10:28:59.461Z INFO webdriver: DATA {
  using: 'css selector',
  value: '.inventory_item .inventory_item_name'
}
2023-08-15T10:28:59.531Z INFO webdriver: RESULT [
  {
    ELEMENT: 'F7F1122E2C670D8B3778F4C952A976D3_element_62',
    'element-6066-11e4-a52e-4f735466cecf': 'F7F1122E2C670D8B3778F4C952A976D3_element_62'
  },
  {
    ELEMENT: 'F7F1122E2C670D8B3778F4C952A976D3_element_76',
    'element-6066-11e4-a52e-4f735466cecf': 'F7F1122E2C670D8B3778F4C952A976D3_element_76'
  },
  {
    ELEMENT: 'F7F1122E2C670D8B3778F4C952A976D3_element_90',
    'element-6066-11e4-a52e-4f735466cecf': 'F7F1122E2C670D8B3778F4C952A976D3_element_90'
  },
  {
    ELEMENT: 'F7F1122E2C670D8B3778F4C952A976D3_element_104',
    'element-6066-11e4-a52e-4f735466cecf': 'F7F1122E2C670D8B3778F4C952A976D3_element_104'
  },
  {
    ELEMENT: 'F7F1122E2C670D8B3778F4C952A976D3_element_118',
    'element-6066-11e4-a52e-4f735466cecf': 'F7F1122E2C670D8B3778F4C952A976D3_element_118'
  },
  {
    ELEMENT: 'F7F1122E2C670D8B3778F4C952A976D3_element_132',
    'element-6066-11e4-a52e-4f735466cecf': 'F7F1122E2C670D8B3778F4C952A976D3_element_132'
  }
]
2023-08-15T10:28:59.570Z INFO webdriver: RESULT [
  {
    ELEMENT: 'F7F1122E2C670D8B3778F4C952A976D3_element_67',
    'element-6066-11e4-a52e-4f735466cecf': 'F7F1122E2C670D8B3778F4C952A976D3_element_67'
  },
  {
    ELEMENT: 'F7F1122E2C670D8B3778F4C952A976D3_element_81',
    'element-6066-11e4-a52e-4f735466cecf': 'F7F1122E2C670D8B3778F4C952A976D3_element_81'
  },
  {
    ELEMENT: 'F7F1122E2C670D8B3778F4C952A976D3_element_95',
    'element-6066-11e4-a52e-4f735466cecf': 'F7F1122E2C670D8B3778F4C952A976D3_element_95'
  },
  {
    ELEMENT: 'F7F1122E2C670D8B3778F4C952A976D3_element_109',
    'element-6066-11e4-a52e-4f735466cecf': 'F7F1122E2C670D8B3778F4C952A976D3_element_109'
  },
  {
    ELEMENT: 'F7F1122E2C670D8B3778F4C952A976D3_element_123',
    'element-6066-11e4-a52e-4f735466cecf': 'F7F1122E2C670D8B3778F4C952A976D3_element_123'
  },
  {
    ELEMENT: 'F7F1122E2C670D8B3778F4C952A976D3_element_137',
    'element-6066-11e4-a52e-4f735466cecf': 'F7F1122E2C670D8B3778F4C952A976D3_element_137'
  }
]
2023-08-15T10:28:59.574Z INFO webdriver: COMMAND executeScript("return ((elem, options) => elem.scrollIntoView(options)).apply(null, arguments)", <object>)
2023-08-15T10:28:59.574Z INFO webdriver: [POST] http://127.0.0.1:4723/session/690fbcf7-c9de-4bb0-a3a7-bf04caa08fe5/execute/sync
2023-08-15T10:28:59.574Z INFO webdriver: DATA {
  script: 'return ((elem, options) => elem.scrollIntoView(options)).apply(null, arguments)',
  args: [
    {
      'element-6066-11e4-a52e-4f735466cecf': 'F7F1122E2C670D8B3778F4C952A976D3_element_67',
      ELEMENT: 'F7F1122E2C670D8B3778F4C952A976D3_element_67'
    },
    { block: 'start', inline: 'nearest' }
  ]
}
2023-08-15T10:28:59.627Z INFO webdriver: RESULT Sauce Labs Backpack
2023-08-15T10:28:59.694Z INFO webdriver: RESULT null
2023-08-15T10:28:59.694Z INFO webdriver: COMMAND elementClick("F7F1122E2C670D8B3778F4C952A976D3_element_67")
2023-08-15T10:28:59.696Z INFO webdriver: [POST] http://127.0.0.1:4723/session/690fbcf7-c9de-4bb0-a3a7-bf04caa08fe5/element/F7F1122E2C670D8B3778F4C952A976D3_element_67/click
2023-08-15T10:29:00.053Z INFO webdriver: RESULT null
2023-08-15T10:29:00.053Z DEBUG @wdio/utils:shim: Finished to run "beforeStep" hook in 0ms
2023-08-15T10:29:00.054Z INFO webdriver: COMMAND findElement("css selector", "*[data-test="remove-sauce-labs-backpack"]")
2023-08-15T10:29:00.054Z INFO webdriver: [POST] http://127.0.0.1:4723/session/690fbcf7-c9de-4bb0-a3a7-bf04caa08fe5/element
2023-08-15T10:29:00.054Z INFO webdriver: DATA {
  using: 'css selector',
  value: '*[data-test="remove-sauce-labs-backpack"]'
}
2023-08-15T10:29:00.149Z INFO webdriver: RESULT {
  error: 'no such element',
  message: 'no such element: Unable to locate element: {"method":"css selector","selector":"*[data-test="remove-sauce-labs-backpack"]"}\n' +
    '  (Session info: chrome=115.0.5790.166)',
  stacktrace: '0   chromedriver-mac-arm64_v115.0.5790. 0x000000010490ea6c chromedriver-mac-arm64_v115.0.5790. + 4303468\n' +
    '1   chromedriver-mac-arm64_v115.0.5790. 0x0000000104907198 chromedriver-mac-arm64_v115.0.5790. + 4272536\n' +
    '2   chromedriver-mac-arm64_v115.0.5790. 0x000000010453b594 chromedriver-mac-arm64_v115.0.5790. + 292244\n' +
    '3   chromedriver-mac-arm64_v115.0.5790. 0x00000001045788fc chromedriver-mac-arm64_v115.0.5790. + 542972\n' +
    '4   chromedriver-mac-arm64_v115.0.5790. 0x00000001045b1628 chromedriver-mac-arm64_v115.0.5790. + 775720\n' +
    '5   chromedriver-mac-arm64_v115.0.5790. 0x000000010456cb40 chromedriver-mac-arm64_v115.0.5790. + 494400\n' +
    '6   chromedriver-mac-arm64_v115.0.5790. 0x000000010456d988 chromedriver-mac-arm64_v115.0.5790. + 498056\n' +
    '7   chromedriver-mac-arm64_v115.0.5790. 0x00000001048cf924 chromedriver-mac-arm64_v115.0.5790. + 4045092\n' +
    '8   chromedriver-mac-arm64_v115.0.5790. 0x00000001048d3e68 chromedriver-mac-arm64_v115.0.5790. + 4062824\n' +
    '9   chromedriver-mac-arm64_v115.0.5790. 0x00000001048da088 chromedriver-mac-arm64_v115.0.5790. + 4087944\n' +
    '10  chromedriver-mac-arm64_v115.0.5790. 0x00000001048d496c chromedriver-mac-arm64_v115.0.5790. + 4065644\n' +
    '11  chromedriver-mac-arm64_v115.0.5790. 0x00000001048ace64 chromedriver-mac-arm64_v115.0.5790. + 3903076\n' +
    '12  chromedriver-mac-arm64_v115.0.5790. 0x00000001048f055c chromedriver-mac-arm64_v115.0.5790. + 4179292\n' +
    '13  chromedriver-mac-arm64_v115.0.5790. 0x00000001048f06b4 chromedriver-mac-arm64_v115.0.5790. + 4179636\n' +
    '14  chromedriver-mac-arm64_v115.0.5790. 0x0000000104900978 chromedriver-mac-arm64_v115.0.5790. + 4245880\n' +
    '15  libsystem_pthread.dylib             0x000000019b66ffa8 _pthread_start + 148\n' +
    '16  libsystem_pthread.dylib             0x000000019b66ada0 thread_start + 8\n'
}
2023-08-15T10:29:00.151Z DEBUG webdriverio: command scrollIntoView was called on an element ("*[data-test="remove-sauce-labs-backpack"]") that wasn't found, waiting for it...
2023-08-15T10:29:00.151Z INFO webdriver: COMMAND findElements("css selector", "*[data-test="remove-sauce-labs-backpack"]")
2023-08-15T10:29:00.151Z INFO webdriver: [POST] http://127.0.0.1:4723/session/690fbcf7-c9de-4bb0-a3a7-bf04caa08fe5/elements
2023-08-15T10:29:00.151Z INFO webdriver: DATA {
  using: 'css selector',
  value: '*[data-test="remove-sauce-labs-backpack"]'
}
2023-08-15T10:29:00.210Z INFO webdriver: RESULT []
2023-08-15T10:29:00.652Z INFO webdriver: COMMAND findElements("css selector", "*[data-test="remove-sauce-labs-backpack"]")
2023-08-15T10:29:00.653Z INFO webdriver: [POST] http://127.0.0.1:4723/session/690fbcf7-c9de-4bb0-a3a7-bf04caa08fe5/elements
2023-08-15T10:29:00.653Z INFO webdriver: DATA {
  using: 'css selector',
  value: '*[data-test="remove-sauce-labs-backpack"]'
}
2023-08-15T10:29:00.733Z INFO webdriver: RESULT []
2023-08-15T10:29:01.153Z INFO webdriver: COMMAND findElements("css selector", "*[data-test="remove-sauce-labs-backpack"]")
2023-08-15T10:29:01.153Z INFO webdriver: [POST] http://127.0.0.1:4723/session/690fbcf7-c9de-4bb0-a3a7-bf04caa08fe5/elements
2023-08-15T10:29:01.154Z INFO webdriver: DATA {
  using: 'css selector',
  value: '*[data-test="remove-sauce-labs-backpack"]'
}
2023-08-15T10:29:01.245Z INFO webdriver: RESULT []
2023-08-15T10:29:01.653Z INFO webdriver: COMMAND findElements("css selector", "*[data-test="remove-sauce-labs-backpack"]")
2023-08-15T10:29:01.653Z INFO webdriver: [POST] http://127.0.0.1:4723/session/690fbcf7-c9de-4bb0-a3a7-bf04caa08fe5/elements
2023-08-15T10:29:01.653Z INFO webdriver: DATA {
  using: 'css selector',
  value: '*[data-test="remove-sauce-labs-backpack"]'
}
2023-08-15T10:29:01.722Z INFO webdriver: RESULT []
2023-08-15T10:29:02.152Z INFO webdriver: COMMAND findElements("css selector", "*[data-test="remove-sauce-labs-backpack"]")
2023-08-15T10:29:02.152Z INFO webdriver: [POST] http://127.0.0.1:4723/session/690fbcf7-c9de-4bb0-a3a7-bf04caa08fe5/elements
2023-08-15T10:29:02.152Z INFO webdriver: DATA {
  using: 'css selector',
  value: '*[data-test="remove-sauce-labs-backpack"]'
}
2023-08-15T10:29:02.234Z INFO webdriver: RESULT []
2023-08-15T10:29:02.653Z INFO webdriver: COMMAND findElements("css selector", "*[data-test="remove-sauce-labs-backpack"]")
2023-08-15T10:29:02.653Z INFO webdriver: [POST] http://127.0.0.1:4723/session/690fbcf7-c9de-4bb0-a3a7-bf04caa08fe5/elements
2023-08-15T10:29:02.653Z INFO webdriver: DATA {
  using: 'css selector',
  value: '*[data-test="remove-sauce-labs-backpack"]'
}
2023-08-15T10:29:02.734Z INFO webdriver: RESULT []
2023-08-15T10:29:03.153Z INFO webdriver: COMMAND findElements("css selector", "*[data-test="remove-sauce-labs-backpack"]")
2023-08-15T10:29:03.153Z INFO webdriver: [POST] http://127.0.0.1:4723/session/690fbcf7-c9de-4bb0-a3a7-bf04caa08fe5/elements
2023-08-15T10:29:03.153Z INFO webdriver: DATA {
  using: 'css selector',
  value: '*[data-test="remove-sauce-labs-backpack"]'
}
2023-08-15T10:29:03.237Z INFO webdriver: RESULT []
2023-08-15T10:29:03.653Z INFO webdriver: COMMAND findElements("css selector", "*[data-test="remove-sauce-labs-backpack"]")
2023-08-15T10:29:03.653Z INFO webdriver: [POST] http://127.0.0.1:4723/session/690fbcf7-c9de-4bb0-a3a7-bf04caa08fe5/elements
2023-08-15T10:29:03.653Z INFO webdriver: DATA {
  using: 'css selector',
  value: '*[data-test="remove-sauce-labs-backpack"]'
}
2023-08-15T10:29:03.744Z INFO webdriver: RESULT []
2023-08-15T10:29:04.153Z INFO webdriver: COMMAND findElements("css selector", "*[data-test="remove-sauce-labs-backpack"]")
2023-08-15T10:29:04.153Z INFO webdriver: [POST] http://127.0.0.1:4723/session/690fbcf7-c9de-4bb0-a3a7-bf04caa08fe5/elements
2023-08-15T10:29:04.154Z INFO webdriver: DATA {
  using: 'css selector',
  value: '*[data-test="remove-sauce-labs-backpack"]'
}
2023-08-15T10:29:04.199Z INFO webdriver: RESULT []
2023-08-15T10:29:04.652Z INFO webdriver: COMMAND findElements("css selector", "*[data-test="remove-sauce-labs-backpack"]")
2023-08-15T10:29:04.652Z INFO webdriver: [POST] http://127.0.0.1:4723/session/690fbcf7-c9de-4bb0-a3a7-bf04caa08fe5/elements
2023-08-15T10:29:04.652Z INFO webdriver: DATA {
  using: 'css selector',
  value: '*[data-test="remove-sauce-labs-backpack"]'
}
2023-08-15T10:29:04.731Z INFO webdriver: RESULT []
2023-08-15T10:29:05.153Z INFO webdriver: COMMAND findElements("css selector", "*[data-test="remove-sauce-labs-backpack"]")
2023-08-15T10:29:05.153Z INFO webdriver: [POST] http://127.0.0.1:4723/session/690fbcf7-c9de-4bb0-a3a7-bf04caa08fe5/elements
2023-08-15T10:29:05.153Z INFO webdriver: DATA {
  using: 'css selector',
  value: '*[data-test="remove-sauce-labs-backpack"]'
}
2023-08-15T10:29:05.241Z INFO webdriver: RESULT []
2023-08-15T10:29:05.653Z INFO webdriver: COMMAND findElements("css selector", "*[data-test="remove-sauce-labs-backpack"]")
2023-08-15T10:29:05.653Z INFO webdriver: [POST] http://127.0.0.1:4723/session/690fbcf7-c9de-4bb0-a3a7-bf04caa08fe5/elements
2023-08-15T10:29:05.653Z INFO webdriver: DATA {
  using: 'css selector',
  value: '*[data-test="remove-sauce-labs-backpack"]'
}
2023-08-15T10:29:05.737Z INFO webdriver: RESULT []
2023-08-15T10:29:06.153Z INFO webdriver: COMMAND findElements("css selector", "*[data-test="remove-sauce-labs-backpack"]")
2023-08-15T10:29:06.153Z INFO webdriver: [POST] http://127.0.0.1:4723/session/690fbcf7-c9de-4bb0-a3a7-bf04caa08fe5/elements
2023-08-15T10:29:06.153Z INFO webdriver: DATA {
  using: 'css selector',
  value: '*[data-test="remove-sauce-labs-backpack"]'
}
2023-08-15T10:29:06.316Z INFO webdriver: RESULT []
2023-08-15T10:29:06.653Z INFO webdriver: COMMAND findElements("css selector", "*[data-test="remove-sauce-labs-backpack"]")
2023-08-15T10:29:06.653Z INFO webdriver: [POST] http://127.0.0.1:4723/session/690fbcf7-c9de-4bb0-a3a7-bf04caa08fe5/elements
2023-08-15T10:29:06.653Z INFO webdriver: DATA {
  using: 'css selector',
  value: '*[data-test="remove-sauce-labs-backpack"]'
}
2023-08-15T10:29:06.748Z INFO webdriver: RESULT []
2023-08-15T10:29:07.152Z INFO webdriver: COMMAND findElements("css selector", "*[data-test="remove-sauce-labs-backpack"]")
2023-08-15T10:29:07.152Z INFO webdriver: [POST] http://127.0.0.1:4723/session/690fbcf7-c9de-4bb0-a3a7-bf04caa08fe5/elements
2023-08-15T10:29:07.153Z INFO webdriver: DATA {
  using: 'css selector',
  value: '*[data-test="remove-sauce-labs-backpack"]'
}
2023-08-15T10:29:07.231Z INFO webdriver: RESULT []
2023-08-15T10:29:07.658Z INFO webdriver: COMMAND findElements("css selector", "*[data-test="remove-sauce-labs-backpack"]")
2023-08-15T10:29:07.659Z INFO webdriver: [POST] http://127.0.0.1:4723/session/690fbcf7-c9de-4bb0-a3a7-bf04caa08fe5/elements
2023-08-15T10:29:07.659Z INFO webdriver: DATA {
  using: 'css selector',
  value: '*[data-test="remove-sauce-labs-backpack"]'
}
2023-08-15T10:29:07.738Z INFO webdriver: RESULT []
2023-08-15T10:29:08.152Z INFO webdriver: COMMAND findElements("css selector", "*[data-test="remove-sauce-labs-backpack"]")
2023-08-15T10:29:08.152Z INFO webdriver: [POST] http://127.0.0.1:4723/session/690fbcf7-c9de-4bb0-a3a7-bf04caa08fe5/elements
2023-08-15T10:29:08.152Z INFO webdriver: DATA {
  using: 'css selector',
  value: '*[data-test="remove-sauce-labs-backpack"]'
}
2023-08-15T10:29:08.234Z INFO webdriver: RESULT []
2023-08-15T10:29:08.653Z INFO webdriver: COMMAND findElements("css selector", "*[data-test="remove-sauce-labs-backpack"]")
2023-08-15T10:29:08.654Z INFO webdriver: [POST] http://127.0.0.1:4723/session/690fbcf7-c9de-4bb0-a3a7-bf04caa08fe5/elements
2023-08-15T10:29:08.654Z INFO webdriver: DATA {
  using: 'css selector',
  value: '*[data-test="remove-sauce-labs-backpack"]'
}
2023-08-15T10:29:08.738Z INFO webdriver: RESULT []
2023-08-15T10:29:09.152Z INFO webdriver: COMMAND findElements("css selector", "*[data-test="remove-sauce-labs-backpack"]")
2023-08-15T10:29:09.153Z INFO webdriver: [POST] http://127.0.0.1:4723/session/690fbcf7-c9de-4bb0-a3a7-bf04caa08fe5/elements
2023-08-15T10:29:09.153Z INFO webdriver: DATA {
  using: 'css selector',
  value: '*[data-test="remove-sauce-labs-backpack"]'
}
2023-08-15T10:29:09.243Z INFO webdriver: RESULT []
2023-08-15T10:29:09.653Z INFO webdriver: COMMAND findElements("css selector", "*[data-test="remove-sauce-labs-backpack"]")
2023-08-15T10:29:09.653Z INFO webdriver: [POST] http://127.0.0.1:4723/session/690fbcf7-c9de-4bb0-a3a7-bf04caa08fe5/elements
2023-08-15T10:29:09.653Z INFO webdriver: DATA {
  using: 'css selector',
  value: '*[data-test="remove-sauce-labs-backpack"]'
}
2023-08-15T10:29:09.715Z INFO webdriver: RESULT []
2023-08-15T10:29:10.156Z INFO webdriver: COMMAND getLogTypes()
2023-08-15T10:29:10.157Z INFO webdriver: [GET] http://127.0.0.1:4723/session/690fbcf7-c9de-4bb0-a3a7-bf04caa08fe5/log/types
2023-08-15T10:29:10.163Z DEBUG webdriver: request failed due to response error: unknown command
2023-08-15T10:29:10.163Z WARN webdriver: Request failed with status 404 due to unknown command: Cannot call non W3C standard command while in W3C mode
2023-08-15T10:29:10.163Z INFO webdriver: Retrying 1/1
2023-08-15T10:29:10.163Z INFO webdriver: [GET] http://127.0.0.1:4723/session/690fbcf7-c9de-4bb0-a3a7-bf04caa08fe5/log/types
2023-08-15T10:29:10.166Z DEBUG webdriver: request failed due to response error: unknown command
2023-08-15T10:29:10.166Z ERROR webdriver: Request failed with status 404 due to unknown command: unknown command: Cannot call non W3C standard command while in W3C mode
2023-08-15T10:29:10.166Z INFO webdriver: COMMAND deleteSession()
2023-08-15T10:29:10.166Z INFO webdriver: [DELETE] http://127.0.0.1:4723/session/690fbcf7-c9de-4bb0-a3a7-bf04caa08fe5
2023-08-15T10:29:10.733Z INFO webdriver: RESULT null
